0 info it worked if it ends with ok
1 verbose cli [ 'node', '/usr/local/bin/npm', 'link' ]
2 info using npm@1.4.14
3 info using node@v0.10.29
4 verbose linkPkg /Users/potanin/Repositories/scaffold-wp-theme
5 verbose link build target /usr/local/lib/node_modules/scaffold-wp-theme
6 verbose install where,what [ '/Users/potanin/Repositories/scaffold-wp-theme', [] ]
7 verbose readDependencies using package.json deps
8 verbose install where, deps [ '/Users/potanin/Repositories/scaffold-wp-theme',
8 verbose install   [ 'async',
8 verbose install     'commander',
8 verbose install     'deep-extend',
8 verbose install     'findup-sync',
8 verbose install     'grunt',
8 verbose install     'grunt-cli',
8 verbose install     'grunt-init',
8 verbose install     'load-grunt-tasks',
8 verbose install     'lodash',
8 verbose install     'mocha',
8 verbose install     'should' ] ]
9 info preinstall scaffold-wp-theme@0.1.0
10 verbose readDependencies using package.json deps
11 verbose already installed skipping deep-extend@^0.2.10 /Users/potanin/Repositories/scaffold-wp-theme
12 verbose already installed skipping async@^0.9.0 /Users/potanin/Repositories/scaffold-wp-theme
13 verbose already installed skipping commander@^2.2.0 /Users/potanin/Repositories/scaffold-wp-theme
14 verbose already installed skipping findup-sync@^0.1.3 /Users/potanin/Repositories/scaffold-wp-theme
15 verbose already installed skipping grunt@^0.4.5 /Users/potanin/Repositories/scaffold-wp-theme
16 verbose already installed skipping grunt-cli@^0.1.13 /Users/potanin/Repositories/scaffold-wp-theme
17 verbose already installed skipping grunt-init@^0.3.2 /Users/potanin/Repositories/scaffold-wp-theme
18 verbose already installed skipping load-grunt-tasks@^0.6.0 /Users/potanin/Repositories/scaffold-wp-theme
19 verbose already installed skipping lodash@^2.4.1 /Users/potanin/Repositories/scaffold-wp-theme
20 verbose already installed skipping mocha@^1.20.1 /Users/potanin/Repositories/scaffold-wp-theme
21 verbose already installed skipping should@^4.0.4 /Users/potanin/Repositories/scaffold-wp-theme
22 silly resolved []
23 info build /Users/potanin/Repositories/scaffold-wp-theme
24 verbose linkStuff [ false, false, false, '/Users/potanin/Repositories' ]
25 info linkStuff scaffold-wp-theme@0.1.0
26 verbose linkBins scaffold-wp-theme@0.1.0
27 verbose linkMans scaffold-wp-theme@0.1.0
28 verbose rebuildBundles scaffold-wp-theme@0.1.0
29 verbose rebuildBundles [ '.DS_Store',
29 verbose rebuildBundles   '.bin',
29 verbose rebuildBundles   'async',
29 verbose rebuildBundles   'commander',
29 verbose rebuildBundles   'deep-extend',
29 verbose rebuildBundles   'findup-sync',
29 verbose rebuildBundles   'grunt',
29 verbose rebuildBundles   'grunt-cli',
29 verbose rebuildBundles   'grunt-init',
29 verbose rebuildBundles   'load-grunt-tasks',
29 verbose rebuildBundles   'lodash',
29 verbose rebuildBundles   'mocha',
29 verbose rebuildBundles   'should' ]
30 info install scaffold-wp-theme@0.1.0
31 verbose unsafe-perm in lifecycle false
32 info postinstall scaffold-wp-theme@0.1.0
33 info prepublish scaffold-wp-theme@0.1.0
34 warn cannot run in wd scaffold-wp-theme@0.1.0 grunt prepublish (wd=/Users/potanin/Repositories/scaffold-wp-theme)
35 info build /usr/local/lib/node_modules/scaffold-wp-theme
36 verbose linkStuff [ true,
36 verbose linkStuff   '/usr/local/lib/node_modules',
36 verbose linkStuff   true,
36 verbose linkStuff   '/usr/local/lib/node_modules' ]
37 info linkStuff scaffold-wp-theme@0.1.0
38 verbose linkBins scaffold-wp-theme@0.1.0
39 verbose link bins [ { 'scaffold-wp-theme': 'bin/scaffold-wp-theme' },
39 verbose link bins   '/usr/local/bin',
39 verbose link bins   true ]
40 verbose linkMans scaffold-wp-theme@0.1.0
41 error Error: ENOENT, chmod '/usr/local/lib/node_modules/scaffold-wp-theme/bin/scaffold-wp-theme'
42 error If you need help, you may report this *entire* log,
42 error including the npm and node versions, at:
42 error     <http://github.com/npm/npm/issues>
43 error System Darwin 13.2.0
44 error command "node" "/usr/local/bin/npm" "link"
45 error cwd /Users/potanin/Repositories/scaffold-wp-theme
46 error node -v v0.10.29
47 error npm -v 1.4.14
48 error path /usr/local/lib/node_modules/scaffold-wp-theme/bin/scaffold-wp-theme
49 error code ENOENT
50 error errno 34
51 verbose exit [ 34, true ]
